{
  "RSpec": {
    "coverage": {
      "/home/paulap/workspace/api_cookbook/front-end/app/controllers/application_controller.rb": [
        1,
        null
      ],
      "/home/paulap/workspace/api_cookbook/front-end/app/controllers/recipes_controller.rb": [
        1,
        1,
        1,
        null,
        null,
        1,
        0,
        null,
        null
      ],
      "/home/paulap/workspace/api_cookbook/front-end/app/models/recipe.rb": [
        1,
        1,
        null,
        1,
        0,
        0,
        null,
        null,
        null,
        1,
        1,
        1,
        null,
        null,
        1,
        null,
        null
      ],
      "/home/paulap/workspace/api_cookbook/front-end/app/services/cookbook_api.rb": [
        1,
        1,
        null,
        1,
        1,
        1,
        1,
        null,
        null,
        1,
        1,
        null,
        null,
        1,
        1,
        null,
        null,
        1,
        1,
        null,
        null,
        1,
        null,
        1,
        1,
        1,
        1,
        null,
        1,
        null,
        1,
        null,
        null,
        null,
        null
      ],
      "/home/paulap/workspace/api_cookbook/front-end/app/models/application_record.rb": [
        0,
        0,
        0
      ]
    },
    "timestamp": 1569620602
  }
}
