{
  "RSpec": {
    "coverage": {
      "/home/paulap/workspace/maisreceita/MyCookbook/front-end/app/controllers/api/v1/api_controller.rb": [
        0,
        0,
        0,
        0,
        0,
        null,
        0,
        0,
        0,
        null,
        0,
        0,
        0,
        0
      ],
      "/home/paulap/workspace/maisreceita/MyCookbook/front-end/app/controllers/api/v1/recipes_controller.rb": [
        0,
        null,
        0
      ],
      "/home/paulap/workspace/maisreceita/MyCookbook/front-end/app/controllers/recipes_controller.rb": [
        0,
        null,
        0,
        0,
        0,
        0,
        null,
        0,
        0,
        0,
        null,
        0,
        0,
        0,
        0
      ],
      "/home/paulap/workspace/maisreceita/MyCookbook/front-end/app/controllers/application_controller.rb": [
        0,
        0
      ],
      "/home/paulap/workspace/maisreceita/MyCookbook/front-end/app/models/application_record.rb": [
        0,
        0,
        0
      ]
    },
    "timestamp": 1568036433
  }
}
